cl : ligne de commande warning D9035: l'option 'Gm' est déconseillée et sera supprimée dans une version ultérieure
  xmemfile.cpp
  ximawnd.cpp
  ximawmf.cpp
  ximawbmp.cpp
  ximatran.cpp
  ximatif.cpp
  ximath.cpp
  ximatga.cpp
  ximaska.cpp
  ximasel.cpp
  ximaraw.cpp
  ximapng.cpp
  ximapcx.cpp
  ximapal.cpp
  ximamng.cpp
  ximalyr.cpp
  ximalpha.cpp
  ximajpg.cpp
  ximajbg.cpp
  ximajas.cpp
  Génération de code en cours...
  Compilation en cours...
  ximaint.cpp
  ximainfo.cpp
  ximaico.cpp
C:\Users\flori\Desktop\Corée\S1\Image processing\Template\cximage\CxImage\ximaico.cpp(327,30): warning C4838: la conversion de 'int' en 'WORD' requiert une conversion restrictive
C:\Users\flori\Desktop\Corée\S1\Image processing\Template\cximage\CxImage\ximaico.cpp(350,6): warning C4838: la conversion de 'int' en 'DWORD' requiert une conversion restrictive
  ximahist.cpp
  ximagif.cpp
  xImage.cpp
  ximaexif.cpp
  ximaenc.cpp
  ximadsp.cpp
  ximabmp.cpp
  tif_xfile.cpp
  Génération de code en cours...
C:\Program Files (x86)\Microsoft Visual Studio\2019\Enterprise\MSBuild\Microsoft\VC\v160\Microsoft.CppBuild.targets(1545,5): warning MSB8012: TargetPath(C:\Users\flori\Desktop\Corée\S1\Image processing\Template\cximage\x86\lib\cximage.lib) ne correspond pas à la valeur de la propriété OutputFile (C:\Users\flori\Desktop\Corée\S1\Image processing\Template\cximage\x86\lib\cximage_wd.lib) de Library. Cela peut entraîner une génération incorrecte de votre projet. Pour corriger ce problème, vérifiez que les valeurs des propriétés $(OutDir), $(TargetName) et $(TargetExt) correspondent à la valeur spécifiée dans %(Lib.OutputFile).
C:\Program Files (x86)\Microsoft Visual Studio\2019\Enterprise\MSBuild\Microsoft\VC\v160\Microsoft.CppBuild.targets(1547,5): warning MSB8012: TargetName(cximage) ne correspond pas à la valeur de la propriété OutputFile (cximage_wd) de Library. Cela peut entraîner une génération incorrecte de votre projet. Pour corriger ce problème, vérifiez que les valeurs des propriétés $(OutDir), $(TargetName) et $(TargetExt) correspondent à la valeur spécifiée dans %(Lib.OutputFile).
  cximage.vcxproj -> C:\Users\flori\Desktop\Corée\S1\Image processing\Template\cximage\x86\lib\cximage.lib
