  png.c
  pngerror.c
  pngget.c
  pngmem.c
  pngpread.c
  pngread.c
  pngrio.c
  pngrtran.c
  pngrutil.c
  pngset.c
  pngtrans.c
  pngvcrd.c
  pngwio.c
  pngwrite.c
  pngwtran.c
  pngwutil.c
  Génération de code en cours...
C:\Program Files (x86)\Microsoft Visual Studio\2019\Enterprise\MSBuild\Microsoft\VC\v160\Microsoft.CppBuild.targets(1545,5): warning MSB8012: TargetPath(C:\Users\flori\Desktop\Corée\S1\Image processing\Template\cximage\x86\lib\png.lib) ne correspond pas à la valeur de la propriété OutputFile (C:\Users\flori\Desktop\Corée\S1\Image processing\Template\cximage\x86\lib\png_wd.lib) de Library. Cela peut entraîner une génération incorrecte de votre projet. Pour corriger ce problème, vérifiez que les valeurs des propriétés $(OutDir), $(TargetName) et $(TargetExt) correspondent à la valeur spécifiée dans %(Lib.OutputFile).
C:\Program Files (x86)\Microsoft Visual Studio\2019\Enterprise\MSBuild\Microsoft\VC\v160\Microsoft.CppBuild.targets(1547,5): warning MSB8012: TargetName(png) ne correspond pas à la valeur de la propriété OutputFile (png_wd) de Library. Cela peut entraîner une génération incorrecte de votre projet. Pour corriger ce problème, vérifiez que les valeurs des propriétés $(OutDir), $(TargetName) et $(TargetExt) correspondent à la valeur spécifiée dans %(Lib.OutputFile).
  png.vcxproj -> C:\Users\flori\Desktop\Corée\S1\Image processing\Template\cximage\x86\lib\png.lib
