  Jcapimin.c
  Jcapistd.c
  Jccoefct.c
  Jccolor.c
  Jcdctmgr.c
  Jchuff.c
  Jcinit.c
  Jcmainct.c
  Jcmarker.c
  Jcmaster.c
  Jcomapi.c
  Jcparam.c
  Jcphuff.c
  Jcprepct.c
  Jcsample.c
  Jctrans.c
  Jdapimin.c
  Jdapistd.c
  Jdatadst.c
  Jdatasrc.c
  Génération de code en cours...
  Compilation en cours...
  Jdcoefct.c
  Jdcolor.c
  Jddctmgr.c
  Jdhuff.c
  Jdinput.c
  Jdmainct.c
  Jdmarker.c
  Jdmaster.c
  Jdmerge.c
  Jdphuff.c
  Jdpostct.c
  Jdsample.c
  Jdtrans.c
  Jerror.c
  Jfdctflt.c
  Jfdctfst.c
  Jfdctint.c
  Jidctflt.c
  Jidctfst.c
  Jidctint.c
  Génération de code en cours...
  Compilation en cours...
  Jidctred.c
  Jmemmgr.c
  Jmemnobs.c
  Jquant1.c
  Jquant2.c
  Jutils.c
  Génération de code en cours...
C:\Program Files (x86)\Microsoft Visual Studio\2019\Enterprise\MSBuild\Microsoft\VC\v160\Microsoft.CppBuild.targets(1545,5): warning MSB8012: TargetPath(C:\Users\flori\Desktop\Corée\S1\Image processing\Template\cximage\x86\lib\Jpeg.lib) ne correspond pas à la valeur de la propriété OutputFile (C:\Users\flori\Desktop\Corée\S1\Image processing\Template\cximage\x86\lib\Jpeg_wd.lib) de Library. Cela peut entraîner une génération incorrecte de votre projet. Pour corriger ce problème, vérifiez que les valeurs des propriétés $(OutDir), $(TargetName) et $(TargetExt) correspondent à la valeur spécifiée dans %(Lib.OutputFile).
C:\Program Files (x86)\Microsoft Visual Studio\2019\Enterprise\MSBuild\Microsoft\VC\v160\Microsoft.CppBuild.targets(1547,5): warning MSB8012: TargetName(Jpeg) ne correspond pas à la valeur de la propriété OutputFile (Jpeg_wd) de Library. Cela peut entraîner une génération incorrecte de votre projet. Pour corriger ce problème, vérifiez que les valeurs des propriétés $(OutDir), $(TargetName) et $(TargetExt) correspondent à la valeur spécifiée dans %(Lib.OutputFile).
  Jpeg.vcxproj -> C:\Users\flori\Desktop\Corée\S1\Image processing\Template\cximage\x86\lib\Jpeg.lib
